Nâng cấp bắt đầu: 16:11:14_10-07-2023
16:11:14_10-07-2023 | ::1 | Cập nhật module News lên 4.5.02 | SUCCESS
16:11:15_10-07-2023 | ::1 | Cập nhật hệ thống lên 4.5.02 | SUCCESS
16:11:16_10-07-2023 | ::1 | Cập nhật module News lên 4.5.03 | SUCCESS
16:11:17_10-07-2023 | ::1 | Cập nhật CSDL lên phiên bản 4.5.03 | SUCCESS
16:11:37_10-07-2023 | ::1 | Tạo thư mục assets/editors/ckeditor/plugins/eqneditor/dialogs/lang | SUCCESS
16:11:37_10-07-2023 | ::1 | Tạo thư mục assets/js/DOMPurify | SUCCESS
16:11:37_10-07-2023 | ::1 | Tạo thư mục assets/js/plyr | SUCCESS
16:11:37_10-07-2023 | ::1 | Tạo thư mục assets/tpl | SUCCESS
16:11:37_10-07-2023 | ::1 | Tạo thư mục modules/contact | SUCCESS
16:11:37_10-07-2023 | ::1 | Tạo thư mục modules/contact/admin | SUCCESS
16:11:37_10-07-2023 | ::1 | Tạo thư mục modules/contact/funcs | SUCCESS
16:11:37_10-07-2023 | ::1 | Tạo thư mục modules/contact/language | SUCCESS
16:11:37_10-07-2023 | ::1 | Tạo thư mục modules/menu | SUCCESS
16:11:37_10-07-2023 | ::1 | Tạo thư mục modules/menu/admin | SUCCESS
16:11:37_10-07-2023 | ::1 | Tạo thư mục modules/menu/blocks | SUCCESS
16:11:37_10-07-2023 | ::1 | Tạo thư mục modules/news | SUCCESS
16:11:37_10-07-2023 | ::1 | Tạo thư mục modules/news/Log | SUCCESS
16:11:37_10-07-2023 | ::1 | Tạo thư mục modules/news/Shared | SUCCESS
16:11:37_10-07-2023 | ::1 | Tạo thư mục modules/news/admin | SUCCESS
16:11:37_10-07-2023 | ::1 | Tạo thư mục modules/news/funcs | SUCCESS
16:11:37_10-07-2023 | ::1 | Tạo thư mục modules/news/language | SUCCESS
16:11:37_10-07-2023 | ::1 | Tạo thư mục modules/statistics | SUCCESS
16:11:37_10-07-2023 | ::1 | Tạo thư mục modules/statistics/admin | SUCCESS
16:11:37_10-07-2023 | ::1 | Tạo thư mục modules/statistics/funcs | SUCCESS
16:11:37_10-07-2023 | ::1 | Tạo thư mục modules/voting | SUCCESS
16:11:37_10-07-2023 | ::1 | Tạo thư mục modules/voting/admin | SUCCESS
16:11:37_10-07-2023 | ::1 | Tạo thư mục modules/voting/blocks | SUCCESS
16:11:37_10-07-2023 | ::1 | Tạo thư mục modules/voting/funcs | SUCCESS
16:11:37_10-07-2023 | ::1 | Tạo thư mục modules/voting/language | SUCCESS
16:11:37_10-07-2023 | ::1 | Di chuyển file admin/authors/2step.php | SUCCESS
16:11:37_10-07-2023 | ::1 | Di chuyển file admin/authors/2step_zalo.php | SUCCESS
16:11:37_10-07-2023 | ::1 | Di chuyển file admin/authors/api-credentials.php | SUCCESS
16:11:37_10-07-2023 | ::1 | Di chuyển file admin/authors/api-roles.php | SUCCESS
16:11:37_10-07-2023 | ::1 | Di chuyển file admin/authors/module.php | SUCCESS
16:11:37_10-07-2023 | ::1 | Di chuyển file admin/index.php | SUCCESS
16:11:37_10-07-2023 | ::1 | Di chuyển file admin/language/check.php | SUCCESS
16:11:37_10-07-2023 | ::1 | Di chuyển file admin/modules/change_custom_name.php | SUCCESS
16:11:37_10-07-2023 | ::1 | Di chuyển file admin/modules/change_site_title.php | SUCCESS
16:11:37_10-07-2023 | ::1 | Di chuyển file admin/settings/admin.menu.php | SUCCESS
16:11:37_10-07-2023 | ::1 | Di chuyển file admin/settings/functions.php | SUCCESS
16:11:37_10-07-2023 | ::1 | Di chuyển file admin/settings/security.php | SUCCESS
16:11:37_10-07-2023 | ::1 | Di chuyển file admin/settings/system.php | SUCCESS
16:11:37_10-07-2023 | ::1 | Di chuyển file admin/upload/config.php | SUCCESS
16:11:37_10-07-2023 | ::1 | Di chuyển file admin/upload/thumbconfig.php | SUCCESS
16:11:37_10-07-2023 | ::1 | Di chuyển file admin/upload/uploadconfig.php | SUCCESS
16:11:37_10-07-2023 | ::1 | Di chuyển file admin/zalo/admin.menu.php | SUCCESS
16:11:37_10-07-2023 | ::1 | Di chuyển file admin/zalo/functions.php | SUCCESS
16:11:37_10-07-2023 | ::1 | Di chuyển file admin/zalo/index.html | SUCCESS
16:11:37_10-07-2023 | ::1 | Di chuyển file admin/zalo/main.php | SUCCESS
16:11:37_10-07-2023 | ::1 | Di chuyển file admin/zalo/settings.php | SUCCESS
16:11:37_10-07-2023 | ::1 | Di chuyển file api.php | SUCCESS
16:11:37_10-07-2023 | ::1 | Di chuyển file assets/css/rss.xsl | SUCCESS
16:11:37_10-07-2023 | ::1 | Di chuyển file assets/editors/ckeditor/LICENSE.md | SUCCESS
16:11:37_10-07-2023 | ::1 | Di chuyển file assets/editors/ckeditor/adapters/jquery.js | SUCCESS
16:11:37_10-07-2023 | ::1 | Di chuyển file assets/editors/ckeditor/build-config.js | SUCCESS
16:11:37_10-07-2023 | ::1 | Di chuyển file assets/editors/ckeditor/ckeditor.js | SUCCESS
16:11:37_10-07-2023 | ::1 | Di chuyển file assets/editors/ckeditor/contents.css | SUCCESS
16:11:37_10-07-2023 | ::1 | Di chuyển file assets/editors/ckeditor/lang/en.js | SUCCESS
16:11:37_10-07-2023 | ::1 | Di chuyển file assets/editors/ckeditor/lang/fr.js | SUCCESS
16:11:37_10-07-2023 | ::1 | Di chuyển file assets/editors/ckeditor/lang/vi.js | SUCCESS
16:11:37_10-07-2023 | ::1 | Di chuyển file assets/editors/ckeditor/nv.php | SUCCESS
16:11:37_10-07-2023 | ::1 | Di chuyển file assets/editors/ckeditor/plugins/balloonpanel/skins/kama/balloonpanel.css | SUCCESS
16:11:37_10-07-2023 | ::1 | Di chuyển file assets/editors/ckeditor/plugins/balloonpanel/skins/moono/balloonpanel.css | SUCCESS
16:11:37_10-07-2023 | ::1 | Di chuyển file assets/editors/ckeditor/plugins/balloonpanel/skins/moono-lisa/balloonpanel.css | SUCCESS
16:11:37_10-07-2023 | ::1 | Di chuyển file assets/editors/ckeditor/plugins/clipboard/dialogs/paste.js | SUCCESS
16:11:37_10-07-2023 | ::1 | Di chuyển file assets/editors/ckeditor/plugins/codesnippet/dialogs/codesnippet.js | SUCCESS
16:11:37_10-07-2023 | ::1 | Di chuyển file assets/editors/ckeditor/plugins/colordialog/dialogs/colordialog.css | SUCCESS
16:11:37_10-07-2023 | ::1 | Di chuyển file assets/editors/ckeditor/plugins/colordialog/dialogs/colordialog.js | SUCCESS
16:11:37_10-07-2023 | ::1 | Di chuyển file assets/editors/ckeditor/plugins/copyformatting/styles/copyformatting.css | SUCCESS
16:11:37_10-07-2023 | ::1 | Di chuyển file assets/editors/ckeditor/plugins/dialog/dialogDefinition.js | SUCCESS
16:11:37_10-07-2023 | ::1 | Di chuyển file assets/editors/ckeditor/plugins/eqneditor/dialogs/eqneditor.js | SUCCESS
16:11:37_10-07-2023 | ::1 | Di chuyển file assets/editors/ckeditor/plugins/eqneditor/dialogs/lang/en.js | SUCCESS
16:11:37_10-07-2023 | ::1 | Di chuyển file assets/editors/ckeditor/plugins/find/dialogs/find.js | SUCCESS
16:11:37_10-07-2023 | ::1 | Di chuyển file assets/editors/ckeditor/plugins/googledocs/dialogs/googledocs.css | SUCCESS
16:11:37_10-07-2023 | ::1 | Di chuyển file assets/editors/ckeditor/plugins/googledocs/dialogs/googledocs.js | SUCCESS
16:11:37_10-07-2023 | ::1 | Di chuyển file assets/editors/ckeditor/plugins/icons.png | SUCCESS
16:11:37_10-07-2023 | ::1 | Di chuyển file assets/editors/ckeditor/plugins/icons_hidpi.png | SUCCESS
16:11:37_10-07-2023 | ::1 | Di chuyển file assets/editors/ckeditor/plugins/iframe/dialogs/iframe.js | SUCCESS
16:11:37_10-07-2023 | ::1 | Di chuyển file assets/editors/ckeditor/plugins/image2/dialogs/image2.js | SUCCESS
16:11:37_10-07-2023 | ::1 | Di chuyển file assets/editors/ckeditor/plugins/link/dialogs/anchor.js | SUCCESS
16:11:37_10-07-2023 | ::1 | Di chuyển file assets/editors/ckeditor/plugins/link/dialogs/link.js | SUCCESS
16:11:37_10-07-2023 | ::1 | Di chuyển file assets/editors/ckeditor/plugins/liststyle/dialogs/liststyle.js | SUCCESS
16:11:37_10-07-2023 | ::1 | Di chuyển file assets/editors/ckeditor/plugins/pastefromword/filter/default.js | SUCCESS
16:11:37_10-07-2023 | ::1 | Di chuyển file assets/editors/ckeditor/plugins/pastetools/filter/common.js | SUCCESS
16:11:37_10-07-2023 | ::1 | Di chuyển file assets/editors/ckeditor/plugins/pastetools/filter/image.js | SUCCESS
16:11:37_10-07-2023 | ::1 | Di chuyển file assets/editors/ckeditor/plugins/placeholder/dialogs/placeholder.js | SUCCESS
16:11:37_10-07-2023 | ::1 | Di chuyển file assets/editors/ckeditor/plugins/smiley/dialogs/smiley.js | SUCCESS
16:11:37_10-07-2023 | ::1 | Di chuyển file assets/editors/ckeditor/plugins/specialchar/dialogs/lang/en.js | SUCCESS
16:11:37_10-07-2023 | ::1 | Di chuyển file assets/editors/ckeditor/plugins/specialchar/dialogs/lang/fr.js | SUCCESS
16:11:37_10-07-2023 | ::1 | Di chuyển file assets/editors/ckeditor/plugins/specialchar/dialogs/lang/vi.js | SUCCESS
16:11:37_10-07-2023 | ::1 | Di chuyển file assets/editors/ckeditor/plugins/specialchar/dialogs/specialchar.js | SUCCESS
16:11:37_10-07-2023 | ::1 | Di chuyển file assets/editors/ckeditor/plugins/table/dialogs/table.js | SUCCESS
16:11:37_10-07-2023 | ::1 | Di chuyển file assets/editors/ckeditor/plugins/tabletools/dialogs/tableCell.js | SUCCESS
16:11:37_10-07-2023 | ::1 | Di chuyển file assets/editors/ckeditor/plugins/templates/dialogs/templates.css | SUCCESS
16:11:37_10-07-2023 | ::1 | Di chuyển file assets/editors/ckeditor/plugins/templates/dialogs/templates.js | SUCCESS
16:11:37_10-07-2023 | ::1 | Di chuyển file assets/editors/ckeditor/plugins/templates/templatedefinition.js | SUCCESS
16:11:37_10-07-2023 | ::1 | Di chuyển file assets/editors/ckeditor/plugins/templates/templates/default.js | SUCCESS
16:11:37_10-07-2023 | ::1 | Di chuyển file assets/editors/ckeditor/plugins/video/dialogs/video.js | SUCCESS
16:11:37_10-07-2023 | ::1 | Di chuyển file assets/editors/ckeditor/plugins/video/images/placeholder.png | SUCCESS
16:11:37_10-07-2023 | ::1 | Di chuyển file assets/editors/ckeditor/skins/moono/dialog.css | SUCCESS
16:11:37_10-07-2023 | ::1 | Di chuyển file assets/editors/ckeditor/skins/moono/dialog_ie.css | SUCCESS
16:11:37_10-07-2023 | ::1 | Di chuyển file assets/editors/ckeditor/skins/moono/dialog_ie7.css | SUCCESS
16:11:37_10-07-2023 | ::1 | Di chuyển file assets/editors/ckeditor/skins/moono/dialog_ie8.css | SUCCESS
16:11:37_10-07-2023 | ::1 | Di chuyển file assets/editors/ckeditor/skins/moono/dialog_iequirks.css | SUCCESS
16:11:37_10-07-2023 | ::1 | Di chuyển file assets/editors/ckeditor/skins/moono/editor.css | SUCCESS
16:11:37_10-07-2023 | ::1 | Di chuyển file assets/editors/ckeditor/skins/moono/editor_gecko.css | SUCCESS
16:11:37_10-07-2023 | ::1 | Di chuyển file assets/editors/ckeditor/skins/moono/editor_ie.css | SUCCESS
16:11:37_10-07-2023 | ::1 | Di chuyển file assets/editors/ckeditor/skins/moono/editor_ie7.css | SUCCESS
16:11:37_10-07-2023 | ::1 | Di chuyển file assets/editors/ckeditor/skins/moono/editor_ie8.css | SUCCESS
16:11:37_10-07-2023 | ::1 | Di chuyển file assets/editors/ckeditor/skins/moono/editor_iequirks.css | SUCCESS
16:11:37_10-07-2023 | ::1 | Di chuyển file assets/editors/ckeditor/skins/moono/icons.png | SUCCESS
16:11:37_10-07-2023 | ::1 | Di chuyển file assets/editors/ckeditor/skins/moono/icons_hidpi.png | SUCCESS
16:11:37_10-07-2023 | ::1 | Di chuyển file assets/editors/ckeditor/styles.js | SUCCESS
16:11:37_10-07-2023 | ::1 | Di chuyển file assets/js/DOMPurify/purify.js | SUCCESS
16:11:37_10-07-2023 | ::1 | Di chuyển file assets/js/admin.js | SUCCESS
16:11:37_10-07-2023 | ::1 | Di chuyển file assets/js/chart/chart.esm.js | SUCCESS
16:11:37_10-07-2023 | ::1 | Di chuyển file assets/js/chart/chart.js | SUCCESS
16:11:37_10-07-2023 | ::1 | Di chuyển file assets/js/chart/chart.min.js | SUCCESS
16:11:37_10-07-2023 | ::1 | Di chuyển file assets/js/chart/chunks/helpers.segment.js | SUCCESS
16:11:37_10-07-2023 | ::1 | Di chuyển file assets/js/chart/helpers.esm.js | SUCCESS
16:11:37_10-07-2023 | ::1 | Di chuyển file assets/js/clipboard/clipboard.min.js | SUCCESS
16:11:37_10-07-2023 | ::1 | Di chuyển file assets/js/global.js | SUCCESS
16:11:37_10-07-2023 | ::1 | Di chuyển file assets/js/jquery/additional-methods.min.js | SUCCESS
16:11:37_10-07-2023 | ::1 | Di chuyển file assets/js/jquery/jquery.min.js | SUCCESS
16:11:37_10-07-2023 | ::1 | Di chuyển file assets/js/jquery/jquery.validate.min.js | SUCCESS
16:11:37_10-07-2023 | ::1 | Di chuyển file assets/js/jquery-ui/images/ui-icons_444444_256x240.png | SUCCESS
16:11:37_10-07-2023 | ::1 | Di chuyển file assets/js/jquery-ui/images/ui-icons_555555_256x240.png | SUCCESS
16:11:37_10-07-2023 | ::1 | Di chuyển file assets/js/jquery-ui/images/ui-icons_777620_256x240.png | SUCCESS
16:11:37_10-07-2023 | ::1 | Di chuyển file assets/js/jquery-ui/images/ui-icons_777777_256x240.png | SUCCESS
16:11:37_10-07-2023 | ::1 | Di chuyển file assets/js/jquery-ui/images/ui-icons_cc0000_256x240.png | SUCCESS
16:11:37_10-07-2023 | ::1 | Di chuyển file assets/js/jquery-ui/images/ui-icons_ffffff_256x240.png | SUCCESS
16:11:37_10-07-2023 | ::1 | Di chuyển file assets/js/jquery-ui/jquery-ui.min.css | SUCCESS
16:11:37_10-07-2023 | ::1 | Di chuyển file assets/js/jquery-ui/jquery-ui.min.js | SUCCESS
16:11:37_10-07-2023 | ::1 | Di chuyển file assets/js/jquery-ui/jquery-ui.structure.min.css | SUCCESS
16:11:37_10-07-2023 | ::1 | Di chuyển file assets/js/jquery-ui/jquery-ui.theme.min.css | SUCCESS
16:11:37_10-07-2023 | ::1 | Di chuyển file assets/js/language/jquery.validator-fr.js | SUCCESS
16:11:37_10-07-2023 | ::1 | Di chuyển file assets/js/language/jquery.validator-vi.js | SUCCESS
16:11:37_10-07-2023 | ::1 | Di chuyển file assets/js/plyr/index.html | SUCCESS
16:11:37_10-07-2023 | ::1 | Di chuyển file assets/js/plyr/plyr.css | SUCCESS
16:11:37_10-07-2023 | ::1 | Di chuyển file assets/js/plyr/plyr.polyfilled.js | SUCCESS
16:11:37_10-07-2023 | ::1 | Di chuyển file assets/js/plyr/plyr.svg | SUCCESS
16:11:37_10-07-2023 | ::1 | Di chuyển file assets/js/site.js | SUCCESS
16:11:37_10-07-2023 | ::1 | Di chuyển file assets/js/upload.js | SUCCESS
16:11:37_10-07-2023 | ::1 | Di chuyển file assets/tpl/rss.tpl | SUCCESS
16:11:37_10-07-2023 | ::1 | Di chuyển file composer.json | SUCCESS
16:11:37_10-07-2023 | ::1 | Di chuyển file data/certs/cacert.pem | SUCCESS
16:11:37_10-07-2023 | ::1 | Di chuyển file includes/action_mysql.php | SUCCESS
16:11:37_10-07-2023 | ::1 | Di chuyển file includes/api/ClearCache.php | SUCCESS
16:11:37_10-07-2023 | ::1 | Di chuyển file includes/constants.php | SUCCESS
16:11:37_10-07-2023 | ::1 | Di chuyển file includes/core/admin_access.php | SUCCESS
16:11:37_10-07-2023 | ::1 | Di chuyển file includes/core/admin_functions.php | SUCCESS
16:11:37_10-07-2023 | ::1 | Di chuyển file includes/core/admin_login.php | SUCCESS
16:11:37_10-07-2023 | ::1 | Di chuyển file includes/core/admin_login_zalo.php | SUCCESS
16:11:37_10-07-2023 | ::1 | Di chuyển file includes/core/admin_logout.php | SUCCESS
16:11:37_10-07-2023 | ::1 | Di chuyển file includes/core/filesystem_functions.php | SUCCESS
16:11:37_10-07-2023 | ::1 | Di chuyển file includes/core/is_admin.php | SUCCESS
16:11:37_10-07-2023 | ::1 | Di chuyển file includes/core/is_user.php | SUCCESS
16:11:37_10-07-2023 | ::1 | Di chuyển file includes/core/stat.php | SUCCESS
16:11:37_10-07-2023 | ::1 | Di chuyển file includes/core/theme_functions.php | SUCCESS
16:11:37_10-07-2023 | ::1 | Di chuyển file includes/core/user_functions.php | SUCCESS
16:11:37_10-07-2023 | ::1 | Di chuyển file includes/footer.php | SUCCESS
16:11:37_10-07-2023 | ::1 | Di chuyển file includes/functions.php | SUCCESS
16:11:37_10-07-2023 | ::1 | Di chuyển file includes/ini/mime.ini | SUCCESS
16:11:37_10-07-2023 | ::1 | Di chuyển file includes/ini.php | SUCCESS
16:11:37_10-07-2023 | ::1 | Di chuyển file includes/language/en/admin_authors.php | SUCCESS
16:11:37_10-07-2023 | ::1 | Di chuyển file includes/language/en/admin_global.php | SUCCESS
16:11:37_10-07-2023 | ::1 | Di chuyển file includes/language/en/admin_settings.php | SUCCESS
16:11:37_10-07-2023 | ::1 | Di chuyển file includes/language/en/admin_zalo.php | SUCCESS
16:11:37_10-07-2023 | ::1 | Di chuyển file includes/language/en/global.php | SUCCESS
16:11:37_10-07-2023 | ::1 | Di chuyển file includes/language/en/install.php | SUCCESS
16:11:37_10-07-2023 | ::1 | Di chuyển file includes/language/fr/admin_authors.php | SUCCESS
16:11:37_10-07-2023 | ::1 | Di chuyển file includes/language/fr/admin_global.php | SUCCESS
16:11:37_10-07-2023 | ::1 | Di chuyển file includes/language/fr/admin_settings.php | SUCCESS
16:11:37_10-07-2023 | ::1 | Di chuyển file includes/language/fr/admin_zalo.php | SUCCESS
16:11:37_10-07-2023 | ::1 | Di chuyển file includes/language/fr/global.php | SUCCESS
16:11:37_10-07-2023 | ::1 | Di chuyển file includes/language/fr/install.php | SUCCESS
16:11:37_10-07-2023 | ::1 | Di chuyển file includes/language/vi/admin_authors.php | SUCCESS
16:11:37_10-07-2023 | ::1 | Di chuyển file includes/language/vi/admin_global.php | SUCCESS
16:11:37_10-07-2023 | ::1 | Di chuyển file includes/language/vi/admin_settings.php | SUCCESS
16:11:37_10-07-2023 | ::1 | Di chuyển file includes/language/vi/admin_zalo.php | SUCCESS
16:11:37_10-07-2023 | ::1 | Di chuyển file includes/language/vi/functions.php | SUCCESS
16:11:37_10-07-2023 | ::1 | Di chuyển file includes/language/vi/global.php | SUCCESS
16:11:37_10-07-2023 | ::1 | Di chuyển file includes/language/vi/install.php | SUCCESS
16:11:37_10-07-2023 | ::1 | Di chuyển file includes/mainfile.php | SUCCESS
16:11:37_10-07-2023 | ::1 | Di chuyển file includes/plugin/qrcode.php | SUCCESS
16:11:37_10-07-2023 | ::1 | Di chuyển file includes/utf8/iconv_string_handler.php | SUCCESS
16:11:37_10-07-2023 | ::1 | Di chuyển file includes/utf8/mb_string_handler.php | SUCCESS
16:11:37_10-07-2023 | ::1 | Di chuyển file includes/utf8/php_string_handler.php | SUCCESS
16:11:37_10-07-2023 | ::1 | Di chuyển file includes/xtemplate.class.php | SUCCESS
16:11:37_10-07-2023 | ::1 | Di chuyển file index.php | SUCCESS
16:11:37_10-07-2023 | ::1 | Di chuyển file install/action_mysql.php | SUCCESS
16:11:37_10-07-2023 | ::1 | Di chuyển file install/config.php | SUCCESS
16:11:37_10-07-2023 | ::1 | Di chuyển file install/data.php | SUCCESS
16:11:37_10-07-2023 | ::1 | Di chuyển file install/data_by_lang.php | SUCCESS
16:11:37_10-07-2023 | ::1 | Di chuyển file install/default.htaccess.txt | SUCCESS
16:11:37_10-07-2023 | ::1 | Di chuyển file install/index.php | SUCCESS
16:11:37_10-07-2023 | ::1 | Di chuyển file install/ini.php | SUCCESS
16:11:37_10-07-2023 | ::1 | Di chuyển file install/template.php | SUCCESS
16:11:37_10-07-2023 | ::1 | Di chuyển file install/tpl/step1.tpl | SUCCESS
16:11:37_10-07-2023 | ::1 | Di chuyển file install/tpl/step2.tpl | SUCCESS
16:11:37_10-07-2023 | ::1 | Di chuyển file install/tpl/step3.tpl | SUCCESS
16:11:37_10-07-2023 | ::1 | Di chuyển file install/tpl/step4.tpl | SUCCESS
16:11:37_10-07-2023 | ::1 | Di chuyển file install/tpl/step5.tpl | SUCCESS
16:11:37_10-07-2023 | ::1 | Di chuyển file install/tpl/step6.tpl | SUCCESS
16:11:37_10-07-2023 | ::1 | Di chuyển file install/tpl/step7.tpl | SUCCESS
16:11:37_10-07-2023 | ::1 | Di chuyển file install/tpl/step8.tpl | SUCCESS
16:11:37_10-07-2023 | ::1 | Di chuyển file install/tpl/theme.tpl | SUCCESS
16:11:37_10-07-2023 | ::1 | Di chuyển file install/tpl/updatetheme.tpl | SUCCESS
16:11:37_10-07-2023 | ::1 | Di chuyển file install/update.php | SUCCESS
16:11:37_10-07-2023 | ::1 | Di chuyển file modules/banners/action_mysql.php | SUCCESS
16:11:37_10-07-2023 | ::1 | Di chuyển file modules/banners/admin/add_banner.php | SUCCESS
16:11:37_10-07-2023 | ::1 | Di chuyển file modules/banners/admin/edit_banner.php | SUCCESS
16:11:37_10-07-2023 | ::1 | Di chuyển file modules/banners/admin/info_plan.php | SUCCESS
16:11:37_10-07-2023 | ::1 | Di chuyển file modules/banners/admin/main.php | SUCCESS
16:11:37_10-07-2023 | ::1 | Di chuyển file modules/banners/admin/show_list_stat.php | SUCCESS
16:11:37_10-07-2023 | ::1 | Di chuyển file modules/banners/admin.functions.php | SUCCESS
16:11:37_10-07-2023 | ::1 | Di chuyển file modules/banners/admin.menu.php | SUCCESS
16:11:37_10-07-2023 | ::1 | Di chuyển file modules/banners/funcs/addads.php | SUCCESS
16:11:37_10-07-2023 | ::1 | Di chuyển file modules/banners/funcs/click.php | SUCCESS
16:11:37_10-07-2023 | ::1 | Di chuyển file modules/banners/funcs/viewmap.php | SUCCESS
16:11:37_10-07-2023 | ::1 | Di chuyển file modules/banners/language/admin_en.php | SUCCESS
16:11:37_10-07-2023 | ::1 | Di chuyển file modules/banners/language/admin_fr.php | SUCCESS
16:11:37_10-07-2023 | ::1 | Di chuyển file modules/banners/language/admin_vi.php | SUCCESS
16:11:37_10-07-2023 | ::1 | Di chuyển file modules/banners/language/en.php | SUCCESS
16:11:37_10-07-2023 | ::1 | Di chuyển file modules/banners/language/fr.php | SUCCESS
16:11:37_10-07-2023 | ::1 | Di chuyển file modules/banners/language/vi.php | SUCCESS
16:11:37_10-07-2023 | ::1 | Di chuyển file modules/banners/version.php | SUCCESS
16:11:37_10-07-2023 | ::1 | Di chuyển file modules/comment/action_mysql.php | SUCCESS
16:11:37_10-07-2023 | ::1 | Di chuyển file modules/comment/admin/config.php | SUCCESS
16:11:37_10-07-2023 | ::1 | Di chuyển file modules/comment/admin/edit.php | SUCCESS
16:11:37_10-07-2023 | ::1 | Di chuyển file modules/comment/comment.php | SUCCESS
16:11:37_10-07-2023 | ::1 | Di chuyển file modules/comment/funcs/post.php | SUCCESS
16:11:37_10-07-2023 | ::1 | Di chuyển file modules/comment/language/admin_en.php | SUCCESS
16:11:37_10-07-2023 | ::1 | Di chuyển file modules/comment/language/admin_fr.php | SUCCESS
16:11:37_10-07-2023 | ::1 | Di chuyển file modules/comment/language/admin_vi.php | SUCCESS
16:11:37_10-07-2023 | ::1 | Di chuyển file modules/comment/version.php | SUCCESS
16:11:37_10-07-2023 | ::1 | Di chuyển file modules/contact/admin/config.php | SUCCESS
16:11:37_10-07-2023 | ::1 | Di chuyển file modules/contact/admin/supporter-content.php | SUCCESS
16:11:37_10-07-2023 | ::1 | Di chuyển file modules/contact/funcs/main.php | SUCCESS
16:11:37_10-07-2023 | ::1 | Di chuyển file modules/contact/language/admin_en.php | SUCCESS
16:11:37_10-07-2023 | ::1 | Di chuyển file modules/contact/language/admin_fr.php | SUCCESS
16:11:37_10-07-2023 | ::1 | Di chuyển file modules/contact/language/admin_vi.php | SUCCESS
16:11:37_10-07-2023 | ::1 | Di chuyển file modules/contact/theme.php | SUCCESS
16:11:37_10-07-2023 | ::1 | Di chuyển file modules/contact/version.php | SUCCESS
16:11:37_10-07-2023 | ::1 | Di chuyển file modules/feeds/version.php | SUCCESS
16:11:37_10-07-2023 | ::1 | Di chuyển file modules/freecontent/admin/list.php | SUCCESS
16:11:37_10-07-2023 | ::1 | Di chuyển file modules/freecontent/admin/manager.php | SUCCESS
16:11:37_10-07-2023 | ::1 | Di chuyển file modules/freecontent/version.php | SUCCESS
16:11:37_10-07-2023 | ::1 | Di chuyển file modules/menu/admin/rows.php | SUCCESS
16:11:37_10-07-2023 | ::1 | Di chuyển file modules/menu/blocks/global.bootstrap.php | SUCCESS
16:11:37_10-07-2023 | ::1 | Di chuyển file modules/menu/menu_blocks.php | SUCCESS
16:11:37_10-07-2023 | ::1 | Di chuyển file modules/menu/version.php | SUCCESS
16:11:37_10-07-2023 | ::1 | Di chuyển file modules/news/Log/Log.php | SUCCESS
16:11:37_10-07-2023 | ::1 | Di chuyển file modules/news/Log/index.html | SUCCESS
16:11:37_10-07-2023 | ::1 | Di chuyển file modules/news/Shared/Logs.php | SUCCESS
16:11:37_10-07-2023 | ::1 | Di chuyển file modules/news/Shared/Posts.php | SUCCESS
16:11:37_10-07-2023 | ::1 | Di chuyển file modules/news/Shared/index.html | SUCCESS
16:11:37_10-07-2023 | ::1 | Di chuyển file modules/news/action_mysql.php | SUCCESS
16:11:37_10-07-2023 | ::1 | Di chuyển file modules/news/admin/admins.php | SUCCESS
16:11:37_10-07-2023 | ::1 | Di chuyển file modules/news/admin/cat.php | SUCCESS
16:11:37_10-07-2023 | ::1 | Di chuyển file modules/news/admin/change_cat.php | SUCCESS
16:11:37_10-07-2023 | ::1 | Di chuyển file modules/news/admin/content.php | SUCCESS
16:11:37_10-07-2023 | ::1 | Di chuyển file modules/news/admin/declined.php | SUCCESS
16:11:37_10-07-2023 | ::1 | Di chuyển file modules/news/admin/main.php | SUCCESS
16:11:37_10-07-2023 | ::1 | Di chuyển file modules/news/admin/move.php | SUCCESS
16:11:37_10-07-2023 | ::1 | Di chuyển file modules/news/admin/publtime.php | SUCCESS
16:11:37_10-07-2023 | ::1 | Di chuyển file modules/news/admin/re-published.php | SUCCESS
16:11:37_10-07-2023 | ::1 | Di chuyển file modules/news/admin/setting.php | SUCCESS
16:11:37_10-07-2023 | ::1 | Di chuyển file modules/news/admin/stop.php | SUCCESS
16:11:37_10-07-2023 | ::1 | Di chuyển file modules/news/admin/voices.php | SUCCESS
16:11:37_10-07-2023 | ::1 | Di chuyển file modules/news/admin/waiting.php | SUCCESS
16:11:37_10-07-2023 | ::1 | Di chuyển file modules/news/admin.functions.php | SUCCESS
16:11:37_10-07-2023 | ::1 | Di chuyển file modules/news/admin.menu.php | SUCCESS
16:11:37_10-07-2023 | ::1 | Di chuyển file modules/news/funcs/content.php | SUCCESS
16:11:37_10-07-2023 | ::1 | Di chuyển file modules/news/funcs/detail.php | SUCCESS
16:11:37_10-07-2023 | ::1 | Di chuyển file modules/news/funcs/groups.php | SUCCESS
16:11:37_10-07-2023 | ::1 | Di chuyển file modules/news/funcs/main.php | SUCCESS
16:11:37_10-07-2023 | ::1 | Di chuyển file modules/news/funcs/search.php | SUCCESS
16:11:37_10-07-2023 | ::1 | Di chuyển file modules/news/funcs/sendmail.php | SUCCESS
16:11:37_10-07-2023 | ::1 | Di chuyển file modules/news/funcs/tag.php | SUCCESS
16:11:37_10-07-2023 | ::1 | Di chuyển file modules/news/funcs/topic.php | SUCCESS
16:11:37_10-07-2023 | ::1 | Di chuyển file modules/news/funcs/viewcat.php | SUCCESS
16:11:37_10-07-2023 | ::1 | Di chuyển file modules/news/functions.php | SUCCESS
16:11:37_10-07-2023 | ::1 | Di chuyển file modules/news/global.functions.php | SUCCESS
16:11:37_10-07-2023 | ::1 | Di chuyển file modules/news/language/admin_en.php | SUCCESS
16:11:37_10-07-2023 | ::1 | Di chuyển file modules/news/language/admin_fr.php | SUCCESS
16:11:37_10-07-2023 | ::1 | Di chuyển file modules/news/language/admin_vi.php | SUCCESS
16:11:37_10-07-2023 | ::1 | Di chuyển file modules/news/language/en.php | SUCCESS
16:11:37_10-07-2023 | ::1 | Di chuyển file modules/news/language/fr.php | SUCCESS
16:11:37_10-07-2023 | ::1 | Di chuyển file modules/news/language/vi.php | SUCCESS
16:11:37_10-07-2023 | ::1 | Di chuyển file modules/news/rssdata.php | SUCCESS
16:11:37_10-07-2023 | ::1 | Di chuyển file modules/news/theme.php | SUCCESS
16:11:37_10-07-2023 | ::1 | Di chuyển file modules/news/version.php | SUCCESS
16:11:37_10-07-2023 | ::1 | Di chuyển file modules/page/action_mysql.php | SUCCESS
16:11:37_10-07-2023 | ::1 | Di chuyển file modules/page/admin/config.php | SUCCESS
16:11:37_10-07-2023 | ::1 | Di chuyển file modules/page/funcs/main.php | SUCCESS
16:11:37_10-07-2023 | ::1 | Di chuyển file modules/page/version.php | SUCCESS
16:11:37_10-07-2023 | ::1 | Di chuyển file modules/seek/funcs/main.php | SUCCESS
16:11:37_10-07-2023 | ::1 | Di chuyển file modules/seek/functions.php | SUCCESS
16:11:37_10-07-2023 | ::1 | Di chuyển file modules/seek/version.php | SUCCESS
16:11:37_10-07-2023 | ::1 | Di chuyển file modules/statistics/admin/cleardata.php | SUCCESS
16:11:37_10-07-2023 | ::1 | Di chuyển file modules/statistics/funcs/allbots.php | SUCCESS
16:11:37_10-07-2023 | ::1 | Di chuyển file modules/statistics/funcs/allbrowsers.php | SUCCESS
16:11:37_10-07-2023 | ::1 | Di chuyển file modules/statistics/funcs/allcountries.php | SUCCESS
16:11:37_10-07-2023 | ::1 | Di chuyển file modules/statistics/funcs/allos.php | SUCCESS
16:11:37_10-07-2023 | ::1 | Di chuyển file modules/statistics/funcs/allreferers.php | SUCCESS
16:11:37_10-07-2023 | ::1 | Di chuyển file modules/statistics/version.php | SUCCESS
16:11:37_10-07-2023 | ::1 | Di chuyển file modules/two-step-verification/funcs/main.php | SUCCESS
16:11:37_10-07-2023 | ::1 | Di chuyển file modules/two-step-verification/funcs/setup.php | SUCCESS
16:11:37_10-07-2023 | ::1 | Di chuyển file modules/two-step-verification/version.php | SUCCESS
16:11:37_10-07-2023 | ::1 | Di chuyển file modules/users/action_mysql.php | SUCCESS
16:11:37_10-07-2023 | ::1 | Di chuyển file modules/users/admin/config.php | SUCCESS
16:11:37_10-07-2023 | ::1 | Di chuyển file modules/users/admin/config_facebook.php | SUCCESS
16:11:37_10-07-2023 | ::1 | Di chuyển file modules/users/admin/config_google.php | SUCCESS
16:11:37_10-07-2023 | ::1 | Di chuyển file modules/users/admin/config_single-sign-on.php | SUCCESS
16:11:37_10-07-2023 | ::1 | Di chuyển file modules/users/admin/edit.php | SUCCESS
16:11:37_10-07-2023 | ::1 | Di chuyển file modules/users/admin/edit_2step.php | SUCCESS
16:11:37_10-07-2023 | ::1 | Di chuyển file modules/users/admin/edit_oauth.php | SUCCESS
16:11:37_10-07-2023 | ::1 | Di chuyển file modules/users/admin/editcensor.php | SUCCESS
16:11:37_10-07-2023 | ::1 | Di chuyển file modules/users/admin/fields.php | SUCCESS
16:11:37_10-07-2023 | ::1 | Di chuyển file modules/users/admin/getuserid.php | SUCCESS
16:11:37_10-07-2023 | ::1 | Di chuyển file modules/users/admin/groups.php | SUCCESS
16:11:37_10-07-2023 | ::1 | Di chuyển file modules/users/admin/main.php | SUCCESS
16:11:37_10-07-2023 | ::1 | Di chuyển file modules/users/admin/user_add.php | SUCCESS
16:11:37_10-07-2023 | ::1 | Di chuyển file modules/users/admin/user_waiting.php | SUCCESS
16:11:37_10-07-2023 | ::1 | Di chuyển file modules/users/admin/user_waiting_remail.php | SUCCESS
16:11:37_10-07-2023 | ::1 | Di chuyển file modules/users/blocks/global.login.php | SUCCESS
16:11:37_10-07-2023 | ::1 | Di chuyển file modules/users/funcs/active.php | SUCCESS
16:11:37_10-07-2023 | ::1 | Di chuyển file modules/users/funcs/avatar.php | SUCCESS
16:11:37_10-07-2023 | ::1 | Di chuyển file modules/users/funcs/editinfo.php | SUCCESS
16:11:37_10-07-2023 | ::1 | Di chuyển file modules/users/funcs/groups.php | SUCCESS
16:11:37_10-07-2023 | ::1 | Di chuyển file modules/users/funcs/login.php | SUCCESS
16:11:37_10-07-2023 | ::1 | Di chuyển file modules/users/funcs/logout.php | SUCCESS
16:11:37_10-07-2023 | ::1 | Di chuyển file modules/users/funcs/lostactivelink.php | SUCCESS
16:11:37_10-07-2023 | ::1 | Di chuyển file modules/users/funcs/lostpass.php | SUCCESS
16:11:37_10-07-2023 | ::1 | Di chuyển file modules/users/funcs/memberlist.php | SUCCESS
16:11:37_10-07-2023 | ::1 | Di chuyển file modules/users/funcs/register.php | SUCCESS
16:11:37_10-07-2023 | ::1 | Di chuyển file modules/users/functions.php | SUCCESS
16:11:37_10-07-2023 | ::1 | Di chuyển file modules/users/global.functions.php | SUCCESS
16:11:37_10-07-2023 | ::1 | Di chuyển file modules/users/language/admin_en.php | SUCCESS
16:11:37_10-07-2023 | ::1 | Di chuyển file modules/users/language/admin_fr.php | SUCCESS
16:11:37_10-07-2023 | ::1 | Di chuyển file modules/users/language/admin_vi.php | SUCCESS
16:11:37_10-07-2023 | ::1 | Di chuyển file modules/users/language/en.php | SUCCESS
16:11:37_10-07-2023 | ::1 | Di chuyển file modules/users/language/fr.php | SUCCESS
16:11:37_10-07-2023 | ::1 | Di chuyển file modules/users/language/vi.php | SUCCESS
16:11:37_10-07-2023 | ::1 | Di chuyển file modules/users/login/oauth-zalo.php | SUCCESS
16:11:37_10-07-2023 | ::1 | Di chuyển file modules/users/theme.php | SUCCESS
16:11:37_10-07-2023 | ::1 | Di chuyển file modules/users/version.php | SUCCESS
16:11:37_10-07-2023 | ::1 | Di chuyển file modules/voting/admin/content.php | SUCCESS
16:11:37_10-07-2023 | ::1 | Di chuyển file modules/voting/admin/setting.php | SUCCESS
16:11:37_10-07-2023 | ::1 | Di chuyển file modules/voting/blocks/global.voting.php | SUCCESS
16:11:37_10-07-2023 | ::1 | Di chuyển file modules/voting/blocks/global.voting_random.php | SUCCESS
16:11:37_10-07-2023 | ::1 | Di chuyển file modules/voting/funcs/main.php | SUCCESS
16:11:37_10-07-2023 | ::1 | Di chuyển file modules/voting/language/admin_en.php | SUCCESS
16:11:37_10-07-2023 | ::1 | Di chuyển file modules/voting/language/admin_fr.php | SUCCESS
16:11:37_10-07-2023 | ::1 | Di chuyển file modules/voting/language/admin_vi.php | SUCCESS
16:11:37_10-07-2023 | ::1 | Di chuyển file modules/voting/version.php | SUCCESS
16:11:37_10-07-2023 | ::1 | Di chuyển file robots.php | SUCCESS
16:11:37_10-07-2023 | ::1 | Di chuyển file themes/admin_default/css/authors.css | SUCCESS
16:11:37_10-07-2023 | ::1 | Di chuyển file themes/admin_default/css/banners.css | SUCCESS
16:11:37_10-07-2023 | ::1 | Di chuyển file themes/admin_default/css/login.css | SUCCESS
16:11:37_10-07-2023 | ::1 | Di chuyển file themes/admin_default/css/news.css | SUCCESS
16:11:37_10-07-2023 | ::1 | Di chuyển file themes/admin_default/css/style.css | SUCCESS
16:11:37_10-07-2023 | ::1 | Di chuyển file themes/admin_default/js/banners.js | SUCCESS
16:11:37_10-07-2023 | ::1 | Di chuyển file themes/admin_default/js/main.js | SUCCESS
16:11:37_10-07-2023 | ::1 | Di chuyển file themes/admin_default/js/news.js | SUCCESS
16:11:37_10-07-2023 | ::1 | Di chuyển file themes/admin_default/modules/authors/2step.tpl | SUCCESS
16:11:37_10-07-2023 | ::1 | Di chuyển file themes/admin_default/modules/authors/api-credentials.tpl | SUCCESS
16:11:37_10-07-2023 | ::1 | Di chuyển file themes/admin_default/modules/authors/api-roles.tpl | SUCCESS
16:11:37_10-07-2023 | ::1 | Di chuyển file themes/admin_default/modules/banners/b_list.tpl | SUCCESS
16:11:37_10-07-2023 | ::1 | Di chuyển file themes/admin_default/modules/banners/info_plan.tpl | SUCCESS
16:11:37_10-07-2023 | ::1 | Di chuyển file themes/admin_default/modules/banners/main.tpl | SUCCESS
16:11:37_10-07-2023 | ::1 | Di chuyển file themes/admin_default/modules/comment/config.tpl | SUCCESS
16:11:37_10-07-2023 | ::1 | Di chuyển file themes/admin_default/modules/comment/edit.tpl | SUCCESS
16:11:37_10-07-2023 | ::1 | Di chuyển file themes/admin_default/modules/contact/config.tpl | SUCCESS
16:11:37_10-07-2023 | ::1 | Di chuyển file themes/admin_default/modules/contact/supporter-content.tpl | SUCCESS
16:11:37_10-07-2023 | ::1 | Di chuyển file themes/admin_default/modules/language/check.tpl | SUCCESS
16:11:37_10-07-2023 | ::1 | Di chuyển file themes/admin_default/modules/news/admin.tpl | SUCCESS
16:11:37_10-07-2023 | ::1 | Di chuyển file themes/admin_default/modules/news/blockcat_lists.tpl | SUCCESS
16:11:37_10-07-2023 | ::1 | Di chuyển file themes/admin_default/modules/news/content.tpl | SUCCESS
16:11:37_10-07-2023 | ::1 | Di chuyển file themes/admin_default/modules/news/main.tpl | SUCCESS
16:11:37_10-07-2023 | ::1 | Di chuyển file themes/admin_default/modules/news/settings.tpl | SUCCESS
16:11:37_10-07-2023 | ::1 | Di chuyển file themes/admin_default/modules/news/sources_list.tpl | SUCCESS
16:11:37_10-07-2023 | ::1 | Di chuyển file themes/admin_default/modules/news/topics_list.tpl | SUCCESS
16:11:37_10-07-2023 | ::1 | Di chuyển file themes/admin_default/modules/news/voices.tpl | SUCCESS
16:11:37_10-07-2023 | ::1 | Di chuyển file themes/admin_default/modules/page/config.tpl | SUCCESS
16:11:37_10-07-2023 | ::1 | Di chuyển file themes/admin_default/modules/seotools/metatags.tpl | SUCCESS
16:11:37_10-07-2023 | ::1 | Di chuyển file themes/admin_default/modules/settings/security.tpl | SUCCESS
16:11:37_10-07-2023 | ::1 | Di chuyển file themes/admin_default/modules/settings/system.tpl | SUCCESS
16:11:37_10-07-2023 | ::1 | Di chuyển file themes/admin_default/modules/statistics/cleardata.tpl | SUCCESS
16:11:37_10-07-2023 | ::1 | Di chuyển file themes/admin_default/modules/upload/config.tpl | SUCCESS
16:11:37_10-07-2023 | ::1 | Di chuyển file themes/admin_default/modules/upload/main.tpl | SUCCESS
16:11:37_10-07-2023 | ::1 | Di chuyển file themes/admin_default/modules/upload/thumbconfig.tpl | SUCCESS
16:11:37_10-07-2023 | ::1 | Di chuyển file themes/admin_default/modules/upload/uploadconfig.tpl | SUCCESS
16:11:37_10-07-2023 | ::1 | Di chuyển file themes/admin_default/modules/users/config.tpl | SUCCESS
16:11:37_10-07-2023 | ::1 | Di chuyển file themes/admin_default/modules/users/config_oauth.tpl | SUCCESS
16:11:37_10-07-2023 | ::1 | Di chuyển file themes/admin_default/modules/users/config_single-sign-on.tpl | SUCCESS
16:11:37_10-07-2023 | ::1 | Di chuyển file themes/admin_default/modules/users/fields.tpl | SUCCESS
16:11:37_10-07-2023 | ::1 | Di chuyển file themes/admin_default/modules/users/getuserid.tpl | SUCCESS
16:11:37_10-07-2023 | ::1 | Di chuyển file themes/admin_default/modules/users/groups.tpl | SUCCESS
16:11:37_10-07-2023 | ::1 | Di chuyển file themes/admin_default/modules/users/main.tpl | SUCCESS
16:11:37_10-07-2023 | ::1 | Di chuyển file themes/admin_default/modules/users/user_oauth.tpl | SUCCESS
16:11:37_10-07-2023 | ::1 | Di chuyển file themes/admin_default/modules/voting/content.tpl | SUCCESS
16:11:37_10-07-2023 | ::1 | Di chuyển file themes/admin_default/modules/voting/setting.tpl | SUCCESS
16:11:37_10-07-2023 | ::1 | Di chuyển file themes/admin_default/modules/zalo/index.html | SUCCESS
16:11:37_10-07-2023 | ::1 | Di chuyển file themes/admin_default/modules/zalo/settings.tpl | SUCCESS
16:11:37_10-07-2023 | ::1 | Di chuyển file themes/admin_default/system/header.tpl | SUCCESS
16:11:37_10-07-2023 | ::1 | Di chuyển file themes/admin_default/system/login.tpl | SUCCESS
16:11:37_10-07-2023 | ::1 | Di chuyển file themes/admin_default/theme.php | SUCCESS
16:11:37_10-07-2023 | ::1 | Di chuyển file themes/default/blocks/global.QR_code.php | SUCCESS
16:11:37_10-07-2023 | ::1 | Di chuyển file themes/default/blocks/global.QR_code.tpl | SUCCESS
16:11:37_10-07-2023 | ::1 | Di chuyển file themes/default/config.ini | SUCCESS
16:11:37_10-07-2023 | ::1 | Di chuyển file themes/default/config.php | SUCCESS
16:11:37_10-07-2023 | ::1 | Di chuyển file themes/default/css/news.css | SUCCESS
16:11:37_10-07-2023 | ::1 | Di chuyển file themes/default/css/users.css | SUCCESS
16:11:37_10-07-2023 | ::1 | Di chuyển file themes/default/images/users/zalo.png | SUCCESS
16:11:37_10-07-2023 | ::1 | Di chuyển file themes/default/js/main.js | SUCCESS
16:11:37_10-07-2023 | ::1 | Di chuyển file themes/default/js/news.js | SUCCESS
16:11:37_10-07-2023 | ::1 | Di chuyển file themes/default/js/users.js | SUCCESS
16:11:37_10-07-2023 | ::1 | Di chuyển file themes/default/modules/menu/global.bootstrap.tpl | SUCCESS
16:11:37_10-07-2023 | ::1 | Di chuyển file themes/default/modules/news/content.tpl | SUCCESS
16:11:37_10-07-2023 | ::1 | Di chuyển file themes/default/modules/news/detail.tpl | SUCCESS
16:11:37_10-07-2023 | ::1 | Di chuyển file themes/default/modules/page/main.tpl | SUCCESS
16:11:37_10-07-2023 | ::1 | Di chuyển file themes/default/modules/statistics/main.tpl | SUCCESS
16:11:37_10-07-2023 | ::1 | Di chuyển file themes/default/modules/users/info.tpl | SUCCESS
16:11:37_10-07-2023 | ::1 | Di chuyển file themes/default/modules/users/openid_login.tpl | SUCCESS
16:11:37_10-07-2023 | ::1 | Di chuyển file themes/default/system/config.tpl | SUCCESS
16:11:37_10-07-2023 | ::1 | Di chuyển file themes/mobile_default/blocks/global.QR_code.php | SUCCESS
16:11:37_10-07-2023 | ::1 | Di chuyển file themes/mobile_default/blocks/global.QR_code.tpl | SUCCESS
16:11:37_10-07-2023 | ::1 | Di chuyển file themes/mobile_default/config.ini | SUCCESS
16:11:37_10-07-2023 | ::1 | Di chuyển file themes/mobile_default/config.php | SUCCESS
16:11:37_10-07-2023 | ::1 | Di chuyển file themes/mobile_default/css/news.css | SUCCESS
16:11:37_10-07-2023 | ::1 | Di chuyển file themes/mobile_default/css/users.css | SUCCESS
16:11:37_10-07-2023 | ::1 | Di chuyển file themes/mobile_default/images/users/zalo.png | SUCCESS
16:11:37_10-07-2023 | ::1 | Di chuyển file themes/mobile_default/js/main.js | SUCCESS
16:11:37_10-07-2023 | ::1 | Di chuyển file themes/mobile_default/modules/news/detail.tpl | SUCCESS
16:11:37_10-07-2023 | ::1 | Di chuyển file themes/mobile_default/modules/news/theme.php | SUCCESS
16:11:37_10-07-2023 | ::1 | Di chuyển file themes/mobile_default/modules/users/info.tpl | SUCCESS
16:11:37_10-07-2023 | ::1 | Di chuyển file themes/mobile_default/modules/users/openid_login.tpl | SUCCESS
16:11:37_10-07-2023 | ::1 | Di chuyển file themes/mobile_default/system/config.tpl | SUCCESS
16:11:37_10-07-2023 | ::1 | Di chuyển file vendor/autoload.php | SUCCESS
16:11:37_10-07-2023 | ::1 | Di chuyển file vendor/composer/ClassLoader.php | SUCCESS
16:11:37_10-07-2023 | ::1 | Di chuyển file vendor/composer/InstalledVersions.php | SUCCESS
16:11:37_10-07-2023 | ::1 | Di chuyển file vendor/composer/LICENSE | SUCCESS
16:11:37_10-07-2023 | ::1 | Di chuyển file vendor/composer/autoload_classmap.php | SUCCESS
16:11:37_10-07-2023 | ::1 | Di chuyển file vendor/composer/autoload_psr4.php | SUCCESS
16:11:37_10-07-2023 | ::1 | Di chuyển file vendor/composer/autoload_real.php | SUCCESS
16:11:37_10-07-2023 | ::1 | Di chuyển file vendor/composer/autoload_static.php | SUCCESS
16:11:37_10-07-2023 | ::1 | Di chuyển file vendor/composer/installed.json | SUCCESS
16:11:37_10-07-2023 | ::1 | Di chuyển file vendor/composer/installed.php | SUCCESS
16:11:37_10-07-2023 | ::1 | Di chuyển file vendor/composer/platform_check.php | SUCCESS
16:11:37_10-07-2023 | ::1 | Di chuyển file vendor/phpmailer/phpmailer/VERSION | SUCCESS
16:11:37_10-07-2023 | ::1 | Di chuyển file vendor/phpmailer/phpmailer/get_oauth_token.php | SUCCESS
16:11:37_10-07-2023 | ::1 | Di chuyển file vendor/phpmailer/phpmailer/language/phpmailer.lang-fr.php | SUCCESS
16:11:37_10-07-2023 | ::1 | Di chuyển file vendor/phpmailer/phpmailer/language/phpmailer.lang-zh.php | SUCCESS
16:11:37_10-07-2023 | ::1 | Di chuyển file vendor/phpmailer/phpmailer/src/Exception.php | SUCCESS
16:11:37_10-07-2023 | ::1 | Di chuyển file vendor/phpmailer/phpmailer/src/OAuth.php | SUCCESS
16:11:37_10-07-2023 | ::1 | Di chuyển file vendor/phpmailer/phpmailer/src/OAuthTokenProvider.php | SUCCESS
16:11:37_10-07-2023 | ::1 | Di chuyển file vendor/phpmailer/phpmailer/src/PHPMailer.php | SUCCESS
16:11:37_10-07-2023 | ::1 | Di chuyển file vendor/phpmailer/phpmailer/src/POP3.php | SUCCESS
16:11:37_10-07-2023 | ::1 | Di chuyển file vendor/phpmailer/phpmailer/src/SMTP.php | SUCCESS
16:11:37_10-07-2023 | ::1 | Di chuyển file vendor/symfony/polyfill-mbstring/Mbstring.php | SUCCESS
16:11:37_10-07-2023 | ::1 | Di chuyển file vendor/symfony/polyfill-mbstring/Resources/unidata/lowerCase.php | SUCCESS
16:11:37_10-07-2023 | ::1 | Di chuyển file vendor/symfony/polyfill-mbstring/Resources/unidata/upperCase.php | SUCCESS
16:11:37_10-07-2023 | ::1 | Di chuyển file vendor/symfony/polyfill-mbstring/bootstrap.php | SUCCESS
16:11:37_10-07-2023 | ::1 | Di chuyển file vendor/tecnickcom/tc-lib-barcode/LICENSE | SUCCESS
16:11:37_10-07-2023 | ::1 | Di chuyển file vendor/tecnickcom/tc-lib-barcode/src/Barcode.php | SUCCESS
16:11:37_10-07-2023 | ::1 | Di chuyển file vendor/tecnickcom/tc-lib-barcode/src/Exception.php | SUCCESS
16:11:37_10-07-2023 | ::1 | Di chuyển file vendor/tecnickcom/tc-lib-barcode/src/Type/Convert.php | SUCCESS
16:11:37_10-07-2023 | ::1 | Di chuyển file vendor/tecnickcom/tc-lib-barcode/src/Type/Linear/Codabar.php | SUCCESS
16:11:37_10-07-2023 | ::1 | Di chuyển file vendor/tecnickcom/tc-lib-barcode/src/Type/Linear/CodeNineThree.php | SUCCESS
16:11:37_10-07-2023 | ::1 | Di chuyển file vendor/tecnickcom/tc-lib-barcode/src/Type/Linear/CodeOneOne.php | SUCCESS
16:11:37_10-07-2023 | ::1 | Di chuyển file vendor/tecnickcom/tc-lib-barcode/src/Type/Linear/CodeOneTwoEight/CodeOneTwoEightA.php | SUCCESS
16:11:37_10-07-2023 | ::1 | Di chuyển file vendor/tecnickcom/tc-lib-barcode/src/Type/Linear/CodeOneTwoEight/CodeOneTwoEightB.php | SUCCESS
16:11:37_10-07-2023 | ::1 | Di chuyển file vendor/tecnickcom/tc-lib-barcode/src/Type/Linear/CodeOneTwoEight/CodeOneTwoEightC.php | SUCCESS
16:11:37_10-07-2023 | ::1 | Di chuyển file vendor/tecnickcom/tc-lib-barcode/src/Type/Linear/CodeOneTwoEight/Process.php | SUCCESS
16:11:37_10-07-2023 | ::1 | Di chuyển file vendor/tecnickcom/tc-lib-barcode/src/Type/Linear/CodeOneTwoEight.php | SUCCESS
16:11:37_10-07-2023 | ::1 | Di chuyển file vendor/tecnickcom/tc-lib-barcode/src/Type/Linear/CodeThreeNine.php | SUCCESS
16:11:37_10-07-2023 | ::1 | Di chuyển file vendor/tecnickcom/tc-lib-barcode/src/Type/Linear/CodeThreeNineCheck.php | SUCCESS
16:11:37_10-07-2023 | ::1 | Di chuyển file vendor/tecnickcom/tc-lib-barcode/src/Type/Linear/CodeThreeNineExt.php | SUCCESS
16:11:37_10-07-2023 | ::1 | Di chuyển file vendor/tecnickcom/tc-lib-barcode/src/Type/Linear/CodeThreeNineExtCheck.php | SUCCESS
16:11:37_10-07-2023 | ::1 | Di chuyển file vendor/tecnickcom/tc-lib-barcode/src/Type/Linear/EanEight.php | SUCCESS
16:11:37_10-07-2023 | ::1 | Di chuyển file vendor/tecnickcom/tc-lib-barcode/src/Type/Linear/EanFive.php | SUCCESS
16:11:37_10-07-2023 | ::1 | Di chuyển file vendor/tecnickcom/tc-lib-barcode/src/Type/Linear/EanOneThree.php | SUCCESS
16:11:37_10-07-2023 | ::1 | Di chuyển file vendor/tecnickcom/tc-lib-barcode/src/Type/Linear/EanTwo.php | SUCCESS
16:11:37_10-07-2023 | ::1 | Di chuyển file vendor/tecnickcom/tc-lib-barcode/src/Type/Linear/Imb.php | SUCCESS
16:11:37_10-07-2023 | ::1 | Di chuyển file vendor/tecnickcom/tc-lib-barcode/src/Type/Linear/ImbPre.php | SUCCESS
16:11:37_10-07-2023 | ::1 | Di chuyển file vendor/tecnickcom/tc-lib-barcode/src/Type/Linear/InterleavedTwoOfFive.php | SUCCESS
16:11:37_10-07-2023 | ::1 | Di chuyển file vendor/tecnickcom/tc-lib-barcode/src/Type/Linear/InterleavedTwoOfFiveCheck.php | SUCCESS
16:11:37_10-07-2023 | ::1 | Di chuyển file vendor/tecnickcom/tc-lib-barcode/src/Type/Linear/KlantIndex.php | SUCCESS
16:11:37_10-07-2023 | ::1 | Di chuyển file vendor/tecnickcom/tc-lib-barcode/src/Type/Linear/Msi.php | SUCCESS
16:11:37_10-07-2023 | ::1 | Di chuyển file vendor/tecnickcom/tc-lib-barcode/src/Type/Linear/MsiCheck.php | SUCCESS
16:11:37_10-07-2023 | ::1 | Di chuyển file vendor/tecnickcom/tc-lib-barcode/src/Type/Linear/Pharma.php | SUCCESS
16:11:37_10-07-2023 | ::1 | Di chuyển file vendor/tecnickcom/tc-lib-barcode/src/Type/Linear/PharmaTwoTracks.php | SUCCESS
16:11:37_10-07-2023 | ::1 | Di chuyển file vendor/tecnickcom/tc-lib-barcode/src/Type/Linear/Planet.php | SUCCESS
16:11:37_10-07-2023 | ::1 | Di chuyển file vendor/tecnickcom/tc-lib-barcode/src/Type/Linear/Postnet.php | SUCCESS
16:11:37_10-07-2023 | ::1 | Di chuyển file vendor/tecnickcom/tc-lib-barcode/src/Type/Linear/Raw.php | SUCCESS
16:11:37_10-07-2023 | ::1 | Di chuyển file vendor/tecnickcom/tc-lib-barcode/src/Type/Linear/RoyalMailFourCc.php | SUCCESS
16:11:37_10-07-2023 | ::1 | Di chuyển file vendor/tecnickcom/tc-lib-barcode/src/Type/Linear/StandardTwoOfFive.php | SUCCESS
16:11:37_10-07-2023 | ::1 | Di chuyển file vendor/tecnickcom/tc-lib-barcode/src/Type/Linear/StandardTwoOfFiveCheck.php | SUCCESS
16:11:37_10-07-2023 | ::1 | Di chuyển file vendor/tecnickcom/tc-lib-barcode/src/Type/Linear/UpcA.php | SUCCESS
16:11:37_10-07-2023 | ::1 | Di chuyển file vendor/tecnickcom/tc-lib-barcode/src/Type/Linear/UpcE.php | SUCCESS
16:11:37_10-07-2023 | ::1 | Di chuyển file vendor/tecnickcom/tc-lib-barcode/src/Type/Linear.php | SUCCESS
16:11:37_10-07-2023 | ::1 | Di chuyển file vendor/tecnickcom/tc-lib-barcode/src/Type/Raw.php | SUCCESS
16:11:37_10-07-2023 | ::1 | Di chuyển file vendor/tecnickcom/tc-lib-barcode/src/Type/Square/Datamatrix/Data.php | SUCCESS
16:11:37_10-07-2023 | ::1 | Di chuyển file vendor/tecnickcom/tc-lib-barcode/src/Type/Square/Datamatrix/Encode.php | SUCCESS
16:11:37_10-07-2023 | ::1 | Di chuyển file vendor/tecnickcom/tc-lib-barcode/src/Type/Square/Datamatrix/EncodeTxt.php | SUCCESS
16:11:37_10-07-2023 | ::1 | Di chuyển file vendor/tecnickcom/tc-lib-barcode/src/Type/Square/Datamatrix/ErrorCorrection.php | SUCCESS
16:11:37_10-07-2023 | ::1 | Di chuyển file vendor/tecnickcom/tc-lib-barcode/src/Type/Square/Datamatrix/Modes.php | SUCCESS
16:11:37_10-07-2023 | ::1 | Di chuyển file vendor/tecnickcom/tc-lib-barcode/src/Type/Square/Datamatrix/Placement.php | SUCCESS
16:11:37_10-07-2023 | ::1 | Di chuyển file vendor/tecnickcom/tc-lib-barcode/src/Type/Square/Datamatrix/Steps.php | SUCCESS
16:11:37_10-07-2023 | ::1 | Di chuyển file vendor/tecnickcom/tc-lib-barcode/src/Type/Square/Datamatrix.php | SUCCESS
16:11:37_10-07-2023 | ::1 | Di chuyển file vendor/tecnickcom/tc-lib-barcode/src/Type/Square/PdfFourOneSeven/Compaction.php | SUCCESS
16:11:37_10-07-2023 | ::1 | Di chuyển file vendor/tecnickcom/tc-lib-barcode/src/Type/Square/PdfFourOneSeven/Data.php | SUCCESS
16:11:37_10-07-2023 | ::1 | Di chuyển file vendor/tecnickcom/tc-lib-barcode/src/Type/Square/PdfFourOneSeven/Sequence.php | SUCCESS
16:11:37_10-07-2023 | ::1 | Di chuyển file vendor/tecnickcom/tc-lib-barcode/src/Type/Square/PdfFourOneSeven.php | SUCCESS
16:11:37_10-07-2023 | ::1 | Di chuyển file vendor/tecnickcom/tc-lib-barcode/src/Type/Square/QrCode/ByteStream.php | SUCCESS
16:11:37_10-07-2023 | ::1 | Di chuyển file vendor/tecnickcom/tc-lib-barcode/src/Type/Square/QrCode/Data.php | SUCCESS
16:11:37_10-07-2023 | ::1 | Di chuyển file vendor/tecnickcom/tc-lib-barcode/src/Type/Square/QrCode/Encode.php | SUCCESS
16:11:37_10-07-2023 | ::1 | Di chuyển file vendor/tecnickcom/tc-lib-barcode/src/Type/Square/QrCode/Encoder.php | SUCCESS
16:11:37_10-07-2023 | ::1 | Di chuyển file vendor/tecnickcom/tc-lib-barcode/src/Type/Square/QrCode/EncodingMode.php | SUCCESS
16:11:37_10-07-2023 | ::1 | Di chuyển file vendor/tecnickcom/tc-lib-barcode/src/Type/Square/QrCode/Estimate.php | SUCCESS
16:11:37_10-07-2023 | ::1 | Di chuyển file vendor/tecnickcom/tc-lib-barcode/src/Type/Square/QrCode/Init.php | SUCCESS
16:11:37_10-07-2023 | ::1 | Di chuyển file vendor/tecnickcom/tc-lib-barcode/src/Type/Square/QrCode/InputItem.php | SUCCESS
16:11:37_10-07-2023 | ::1 | Di chuyển file vendor/tecnickcom/tc-lib-barcode/src/Type/Square/QrCode/Mask.php | SUCCESS
16:11:37_10-07-2023 | ::1 | Di chuyển file vendor/tecnickcom/tc-lib-barcode/src/Type/Square/QrCode/MaskNum.php | SUCCESS
16:11:37_10-07-2023 | ::1 | Di chuyển file vendor/tecnickcom/tc-lib-barcode/src/Type/Square/QrCode/Spec.php | SUCCESS
16:11:37_10-07-2023 | ::1 | Di chuyển file vendor/tecnickcom/tc-lib-barcode/src/Type/Square/QrCode/SpecRs.php | SUCCESS
16:11:37_10-07-2023 | ::1 | Di chuyển file vendor/tecnickcom/tc-lib-barcode/src/Type/Square/QrCode/Split.php | SUCCESS
16:11:37_10-07-2023 | ::1 | Di chuyển file vendor/tecnickcom/tc-lib-barcode/src/Type/Square/QrCode.php | SUCCESS
16:11:37_10-07-2023 | ::1 | Di chuyển file vendor/tecnickcom/tc-lib-barcode/src/Type/Square/Raw.php | SUCCESS
16:11:37_10-07-2023 | ::1 | Di chuyển file vendor/tecnickcom/tc-lib-barcode/src/Type/Square.php | SUCCESS
16:11:37_10-07-2023 | ::1 | Di chuyển file vendor/tecnickcom/tc-lib-barcode/src/Type.php | SUCCESS
16:11:37_10-07-2023 | ::1 | Di chuyển file vendor/tecnickcom/tc-lib-color/LICENSE | SUCCESS
16:11:37_10-07-2023 | ::1 | Di chuyển file vendor/tecnickcom/tc-lib-color/src/Css.php | SUCCESS
16:11:37_10-07-2023 | ::1 | Di chuyển file vendor/tecnickcom/tc-lib-color/src/Exception.php | SUCCESS
16:11:37_10-07-2023 | ::1 | Di chuyển file vendor/tecnickcom/tc-lib-color/src/Model/Cmyk.php | SUCCESS
16:11:37_10-07-2023 | ::1 | Di chuyển file vendor/tecnickcom/tc-lib-color/src/Model/Gray.php | SUCCESS
16:11:37_10-07-2023 | ::1 | Di chuyển file vendor/tecnickcom/tc-lib-color/src/Model/Hsl.php | SUCCESS
16:11:37_10-07-2023 | ::1 | Di chuyển file vendor/tecnickcom/tc-lib-color/src/Model/Rgb.php | SUCCESS
16:11:37_10-07-2023 | ::1 | Di chuyển file vendor/tecnickcom/tc-lib-color/src/Model/Template.php | SUCCESS
16:11:37_10-07-2023 | ::1 | Di chuyển file vendor/tecnickcom/tc-lib-color/src/Model.php | SUCCESS
16:11:37_10-07-2023 | ::1 | Di chuyển file vendor/tecnickcom/tc-lib-color/src/Pdf.php | SUCCESS
16:11:37_10-07-2023 | ::1 | Di chuyển file vendor/tecnickcom/tc-lib-color/src/Spot.php | SUCCESS
16:11:37_10-07-2023 | ::1 | Di chuyển file vendor/tecnickcom/tc-lib-color/src/Web.php | SUCCESS
16:11:37_10-07-2023 | ::1 | Di chuyển file vendor/vinades/nukeviet/Api/Api.php | SUCCESS
16:11:37_10-07-2023 | ::1 | Di chuyển file vendor/vinades/nukeviet/Api/ApiResult.php | SUCCESS
16:11:37_10-07-2023 | ::1 | Di chuyển file vendor/vinades/nukeviet/Api/DoApi.php | SUCCESS
16:11:37_10-07-2023 | ::1 | Di chuyển file vendor/vinades/nukeviet/Cache/Redis.php | SUCCESS
16:11:37_10-07-2023 | ::1 | Di chuyển file vendor/vinades/nukeviet/Core/Blocker.php | SUCCESS
16:11:37_10-07-2023 | ::1 | Di chuyển file vendor/vinades/nukeviet/Core/Database.php | SUCCESS
16:11:37_10-07-2023 | ::1 | Di chuyển file vendor/vinades/nukeviet/Core/Error.php | SUCCESS
16:11:37_10-07-2023 | ::1 | Di chuyển file vendor/vinades/nukeviet/Core/Optimizer.php | SUCCESS
16:11:37_10-07-2023 | ::1 | Di chuyển file vendor/vinades/nukeviet/Core/Request.php | SUCCESS
16:11:37_10-07-2023 | ::1 | Di chuyển file vendor/vinades/nukeviet/Core/Server.php | SUCCESS
16:11:37_10-07-2023 | ::1 | Di chuyển file vendor/vinades/nukeviet/Core/User.php | SUCCESS
16:11:37_10-07-2023 | ::1 | Di chuyển file vendor/vinades/nukeviet/Facebook/InstantArticles.php | SUCCESS
16:11:37_10-07-2023 | ::1 | Di chuyển file vendor/vinades/nukeviet/Files/Download.php | SUCCESS
16:11:37_10-07-2023 | ::1 | Di chuyển file vendor/vinades/nukeviet/Files/Image.php | SUCCESS
16:11:37_10-07-2023 | ::1 | Di chuyển file vendor/vinades/nukeviet/Files/Upload.php | SUCCESS
16:11:37_10-07-2023 | ::1 | Di chuyển file vendor/vinades/nukeviet/Ftp/Ftp.php | SUCCESS
16:11:37_10-07-2023 | ::1 | Di chuyển file vendor/vinades/nukeviet/Http/Curl.php | SUCCESS
16:11:37_10-07-2023 | ::1 | Di chuyển file vendor/vinades/nukeviet/Http/Encoding.php | SUCCESS
16:11:37_10-07-2023 | ::1 | Di chuyển file vendor/vinades/nukeviet/Http/Http.php | SUCCESS
16:11:37_10-07-2023 | ::1 | Di chuyển file vendor/vinades/nukeviet/Http/Streams.php | SUCCESS
16:11:37_10-07-2023 | ::1 | Di chuyển file vendor/vinades/nukeviet/Seo/BotManager.php | SUCCESS
16:11:37_10-07-2023 | ::1 | Di chuyển file vendor/vinades/nukeviet/Xml/Array2XML.php | SUCCESS
16:11:37_10-07-2023 | ::1 | Di chuyển file vendor/vinades/nukeviet/Zalo/Zalo.php | SUCCESS
