[Sat, 04 Jun 2022 16:44:54 +0700] [::1] [User Error(256): PDOException Object
(
    [message:protected] => SQLSTATE[42000]: Syntax error or access violation: 1064 You have an error in your SQL syntax; check the manual that corresponds to your MariaDB server version for the right syntax to use near '' at line 1
    [string:Exception:private] => 
    [code:protected] => 42000
    [file:protected] => D:\project\localhost\vendor\vinades\nukeviet\Core\Database.php
    [line:protected] => 528
    [trace:Exception:private] => Array
        (
            [0] => Array
                (
                    [file] => D:\project\localhost\vendor\vinades\nukeviet\Core\Database.php
                    [line] => 528
                    [function] => query
                    [class] => PDO
                    [type] => ->
                    [args] => Array
                        (
                            [0] => select * from pet_users where name = 
                        )

                )

            [1] => Array
                (
                    [file] => D:\project\localhost\vendor\vinades\nukeviet\Core\Database.php
                    [line] => 640
                    [function] => query
                    [class] => NukeViet\Core\Database
                    [type] => ->
                    [args] => Array
                        (
                            [0] => select * from pet_users where name = 
                        )

                )

            [2] => Array
                (
                    [file] => D:\project\localhost\modules\login\funcs\api.php
                    [line] => 27
                    [function] => fetch
                    [class] => NukeViet\Core\Database
                    [type] => ->
                    [args] => Array
                        (
                            [0] => select * from pet_users where name = 
                        )

                )

            [3] => Array
                (
                    [file] => D:\project\localhost\modules\login\funcs\api.php
                    [line] => 14
                    [function] => signin
                    [args] => Array
                        (
                        )

                )

            [4] => Array
                (
                    [file] => D:\project\localhost\index.php
                    [line] => 364
                    [args] => Array
                        (
                            [0] => D:\project\localhost\modules\login\funcs\api.php
                        )

                    [function] => require
                )

        )

    [previous:Exception:private] => 
    [errorInfo] => Array
        (
            [0] => 42000
            [1] => 1064
            [2] => You have an error in your SQL syntax; check the manual that corresponds to your MariaDB server version for the right syntax to use near '' at line 1
        )

)
] [FILE: /index.php] [LINE: 391] [AGENT: Mozilla/5.0 (Windows NT 10.0; Win64; x64) AppleWebKit/537.36 (KHTML, like Gecko) Chrome/102.0.0.0 Safari/537.36]
[Tue, 07 Jun 2022 08:10:52 +0700] [::1] [User Error(256): PDOException Object
(
    [message:protected] => SQLSTATE[42S22]: Column not found: 1054 Unknown column 'TadWPd081tOOsgtkfhqb' in 'field list'
    [string:Exception:private] => 
    [code:protected] => 42S22
    [file:protected] => D:\project\localhost\vendor\vinades\nukeviet\Core\Database.php
    [line:protected] => 528
    [trace:Exception:private] => Array
        (
            [0] => Array
                (
                    [file] => D:\project\localhost\vendor\vinades\nukeviet\Core\Database.php
                    [line] => 528
                    [function] => query
                    [class] => PDO
                    [type] => ->
                    [args] => Array
                        (
                            [0] => insert into pet_users_session (userid, session, time) values(1, TadWPd081tOOsgtkfhqb, 428863054118400)
                        )

                )

            [1] => Array
                (
                    [file] => D:\project\localhost\modules\login\functions.php
                    [line] => 19
                    [function] => query
                    [class] => NukeViet\Core\Database
                    [type] => ->
                    [args] => Array
                        (
                            [0] => insert into pet_users_session (userid, session, time) values(1, TadWPd081tOOsgtkfhqb, 428863054118400)
                        )

                )

            [2] => Array
                (
                    [file] => D:\project\localhost\modules\login\funcs\main.php
                    [line] => 13
                    [function] => login_userid
                    [args] => Array
                        (
                            [0] => 1
                        )

                )

            [3] => Array
                (
                    [file] => D:\project\localhost\index.php
                    [line] => 363
                    [args] => Array
                        (
                            [0] => D:\project\localhost\modules\login\funcs\main.php
                        )

                    [function] => require
                )

        )

    [previous:Exception:private] => 
    [errorInfo] => Array
        (
            [0] => 42S22
            [1] => 1054
            [2] => Unknown column 'TadWPd081tOOsgtkfhqb' in 'field list'
        )

)
] [FILE: /index.php] [LINE: 390] [AGENT: Mozilla/5.0 (Windows NT 10.0; Win64; x64) AppleWebKit/537.36 (KHTML, like Gecko) Chrome/102.0.0.0 Safari/537.36]
